<?xml version="1.0" encoding="UTF-8"?>
<!-- Generated by org.testng.reporters.JUnitReportReporter -->
<testsuite hostname="LAPTOP-D72R403P" failures="0" tests="1" name="Runner.CucumberRunnerTests" time="30.665" errors="0" timestamp="2023-04-04T12:39:21 IST" skipped="0">
  <testcase classname="Runner.CucumberRunnerTests" name="runScenario" time="30.665"/>
  <system-out/>
</testsuite> <!-- Runner.CucumberRunnerTests -->
